On branch master
Your branch is up-to-date with 'origin/master'.
Untracked files:
	.local.git.out

nothing added to commit but untracked files present
[master 28a6925] Commit
 2 files changed, 88 insertions(+), 1 deletion(-)
 create mode 100644 y.tab.h
[master f1fffe3] Commit
 2 files changed, 12 insertions(+), 2 deletions(-)
[master 16ad129] Commit
 1 file changed, 1 insertion(+), 1 deletion(-)
On branch master
Your branch is up-to-date with 'origin/master'.
Untracked files:
	.local.git.out
	cat_grep
	command.o
	ctrl-c
	lex.yy.c
	lex.yy.o
	regular
	shell
	y.tab.c
	y.tab.o

nothing added to commit but untracked files present
[master c03e5a1] Commit
 3 files changed, 27 insertions(+), 1 deletion(-)
[master 7b05a3c] Commit
 1 file changed, 1 insertion(+), 1 deletion(-)
[master 2e38c99] Commit
 1 file changed, 2 insertions(+), 2 deletions(-)
[master 7a20d8a] Commit
 1 file changed, 2 insertions(+), 2 deletions(-)
[master e23e2f5] Commit
 1 file changed, 2 deletions(-)
[master 5d14951] Commit
 1 file changed, 2 insertions(+), 1 deletion(-)
[master 7831ffe] Commit
 1 file changed, 13 insertions(+), 3 deletions(-)
[master a8cf8ec] Commit
 1 file changed, 8 insertions(+), 1 deletion(-)
[master b4606d5] Commit
 1 file changed, 1 insertion(+), 1 deletion(-)
[master 7ebc17d] Commit
 1 file changed, 1 insertion(+), 1 deletion(-)
On branch master
Your branch is up-to-date with 'origin/master'.
Untracked files:
	.command.cc.swp
	.command.h.swp
	.local.git.out
	.shell.y.swp
	cat_grep
	command.o
	ctrl-c
	lex.yy.c
	lex.yy.o
	regular
	shell
	test.txt
	y.tab.c
	y.tab.o

nothing added to commit but untracked files present
[master 85cbef4] Commit
 1 file changed, 2 insertions(+), 1 deletion(-)
On branch master
Your branch is up-to-date with 'origin/master'.
Untracked files:
	.command.cc.swp
	.command.h.swp
	.local.git.out
	.shell.y.swp
	cat_grep
	command.o
	ctrl-c
	lex.yy.c
	lex.yy.o
	regular
	shell
	test.txt
	y.tab.c
	y.tab.o

nothing added to commit but untracked files present
On branch master
Your branch is up-to-date with 'origin/master'.
Untracked files:
	.command.cc.swp
	.command.h.swp
	.local.git.out
	.shell.y.swp
	cat_grep
	command.o
	ctrl-c
	lex.yy.c
	lex.yy.o
	regular
	shell
	test.txt
	y.tab.c
	y.tab.o

nothing added to commit but untracked files present
On branch master
Your branch is up-to-date with 'origin/master'.
Untracked files:
	.command.cc.swp
	.command.h.swp
	.local.git.out
	.shell.y.swp
	cat_grep
	command.o
	ctrl-c
	lex.yy.c
	lex.yy.o
	regular
	shell
	test.txt
	y.tab.c
	y.tab.o

nothing added to commit but untracked files present
[master 2e551e8] Commit
 1 file changed, 7 insertions(+), 3 deletions(-)
[master cd49474] Commit
 1 file changed, 1 insertion(+), 1 deletion(-)
[master b8aef51] Commit
 1 file changed, 1 insertion(+), 1 deletion(-)
[master 83644db] Commit
 1 file changed, 1 insertion(+), 1 deletion(-)
[master 2797650] Commit
 1 file changed, 2 insertions(+), 2 deletions(-)
[master f21c6d3] Commit
 1 file changed, 11 insertions(+), 6 deletions(-)
[master 01060cf] Commit
 2 files changed, 3 insertions(+), 2 deletions(-)
[master 571fee0] Commit
 1 file changed, 1 insertion(+), 1 deletion(-)
[master b8b040a] Commit
 1 file changed, 1 deletion(-)
[master 6ff5f84] Commit
 1 file changed, 1 insertion(+), 1 deletion(-)
[master 130b56a] Commit
 1 file changed, 8 insertions(+), 4 deletions(-)
[master 0a387d9] Commit
 1 file changed, 1 insertion(+), 1 deletion(-)
[master 95cabab] Commit
 1 file changed, 2 insertions(+), 3 deletions(-)
[master a257c38] Commit
 1 file changed, 1 insertion(+), 1 deletion(-)
[master 68dd6c9] Commit
 1 file changed, 2 insertions(+), 2 deletions(-)
[master 1ddc9c8] Commit
 1 file changed, 1 insertion(+)
[master dab6f74] Commit
 2 files changed, 1 insertion(+), 98 deletions(-)
 delete mode 100644 y.tab.h
[master fa92925] Commit
 2 files changed, 99 insertions(+), 2 deletions(-)
 create mode 100644 y.tab.h
On branch master
Your branch is up-to-date with 'origin/master'.
Untracked files:
	.local.git.out
	cat_grep
	command.o
	ctrl-c
	lex.yy.c
	lex.yy.o
	regular
	shell
	test.txt
	y.tab.c
	y.tab.o

nothing added to commit but untracked files present
[master d6d6c56] Commit
 1 file changed, 1 insertion(+)
[master 506ec0d] Commit
 1 file changed, 1 deletion(-)
[master b412134] Commit
 2 files changed, 4 insertions(+), 1 deletion(-)
[master 203a44c] Commit
 1 file changed, 27 insertions(+), 2 deletions(-)
[master 1c8e809] Commit
 1 file changed, 1 insertion(+), 1 deletion(-)
[master 4d6e131] Commit
 3 files changed, 13 insertions(+), 5 deletions(-)
[master 6a8889b] Commit
 1 file changed, 2 insertions(+), 2 deletions(-)
[master 7d64f2a] Commit
 1 file changed, 6 deletions(-)
[master e336f09] Commit
 1 file changed, 2 insertions(+), 2 deletions(-)
[master 77c8293] Commit
 1 file changed, 1 insertion(+), 1 deletion(-)
[master de1b990] Commit
 1 file changed, 2 insertions(+), 2 deletions(-)
On branch master
Your branch is up-to-date with 'origin/master'.
Untracked files:
	.command.cc.swp
	.local.git.out
	.shell.y.swp
	cat_grep
	command.o
	ctrl-c
	lex.yy.c
	lex.yy.o
	regular
	shell
	test.txt
	y.tab.c
	y.tab.o

nothing added to commit but untracked files present
[master 136d875] Commit
 1 file changed, 1 insertion(+)
[master 6f743e1] Commit
 1 file changed, 1 insertion(+), 1 deletion(-)
On branch master
Your branch is up-to-date with 'origin/master'.
Untracked files:
	.local.git.out
	cat
	cat_grep
	command.o
	ctrl-c
	lex.yy.c
	lex.yy.o
	regular
	shell
	test.txt
	y.tab.c
	y.tab.o

nothing added to commit but untracked files present
[master 7a1b2b1] Commit
 5 files changed, 21 insertions(+), 142 deletions(-)
 rewrite test-shell/shell-out (72%)
 delete mode 100644 y.tab.h
[master 67433a4] Commit
 4 files changed, 270 insertions(+)
 create mode 100644 .local.git.out
 create mode 100644 cat
 create mode 100644 test-shell/out2
 create mode 100644 test.txt
[master d673180] Commit
 2 files changed, 105 insertions(+)
 create mode 100644 y.tab.h
[master 6709a1a] Commit
 10 files changed, 3453 insertions(+)
 create mode 100755 cat_grep
 create mode 100644 command.o
 create mode 100755 ctrl-c
 create mode 100644 lex.yy.c
 create mode 100644 lex.yy.o
 create mode 100755 regular
 create mode 100755 shell
 create mode 100644 y.tab.c
 create mode 100644 y.tab.o
[master 64a3461] Commit
 1 file changed, 2 insertions(+), 1 deletion(-)
[master a616a40] Commit
 2 files changed, 2 insertions(+), 1 deletion(-)
[master d723774] Commit
 2 files changed, 6 insertions(+), 1 deletion(-)
[master 70a9c80] Commit
 5 files changed, 34 insertions(+), 27 deletions(-)
[master c165f14] Commit
 3 files changed, 31 insertions(+), 27 deletions(-)
[master 95fe179] Commit
 11 files changed, 2 insertions(+), 3554 deletions(-)
 delete mode 100755 cat_grep
 delete mode 100644 command.o
 delete mode 100755 ctrl-c
 delete mode 100644 lex.yy.c
 delete mode 100644 lex.yy.o
 delete mode 100755 regular
 delete mode 100755 shell
 delete mode 100644 y.tab.c
 delete mode 100644 y.tab.h
 delete mode 100644 y.tab.o
[master 94f6620] Commit
 2 files changed, 12 insertions(+)
 create mode 100644 testy.txt
[master 925ca58] Commit
 3 files changed, 9 insertions(+)
 delete mode 100644 testy.txt
[master 6cf4d67] Commit
 3 files changed, 103 insertions(+), 1 deletion(-)
 create mode 100644 y.tab.h
[master c2e982e] Commit
 2 files changed, 4 insertions(+), 1 deletion(-)
[master 52d834a] Commit
 2 files changed, 3 insertions(+), 1 deletion(-)
[master 3245c97] Commit
 2 files changed, 4 insertions(+), 1 deletion(-)
[master 186a1c5] Commit
 2 files changed, 3 insertions(+), 1 deletion(-)
[master 2585915] Commit
 2 files changed, 3 insertions(+), 1 deletion(-)
[master a5334fb] Commit
 2 files changed, 3 insertions(+), 1 deletion(-)
[master a22634b] Commit
 2 files changed, 4 insertions(+)
[master 50a7c0e] Commit
 2 files changed, 6 insertions(+), 3 deletions(-)
[master d039fb2] Commit
 2 files changed, 31 insertions(+), 8 deletions(-)
[master f5145be] Commit
 1 file changed, 2 insertions(+)
[master 80447f7] Commit
 2 files changed, 7 insertions(+), 1 deletion(-)
[master 4568fa6] Commit
 2 files changed, 3 insertions(+), 1 deletion(-)
[master 88f9c9a] Commit
 2 files changed, 3 insertions(+), 1 deletion(-)
[master 534861e] Commit
 2 files changed, 3 insertions(+), 1 deletion(-)
[master 0d62306] Commit
 1 file changed, 2 insertions(+)
[master 84d5682] Commit
 1 file changed, 2 insertions(+)
[master d4ac460] Commit
 2 files changed, 30 insertions(+), 18 deletions(-)
[master e9b9e69] Commit
 2 files changed, 2 insertions(+)
[master 1d030b3] Commit
 3 files changed, 15 insertions(+), 1 deletion(-)
[master 9542eb4] Commit
 3 files changed, 5 insertions(+), 3 deletions(-)
[master faff762] Commit
 2 files changed, 2 insertions(+)
 delete mode 100644 .command.cc.swp
[master e5b8dc7] Commit
 1 file changed, 3 insertions(+)
[master eee4b6e] Commit
 2 files changed, 5 insertions(+), 3 deletions(-)
[master ea290a9] Commit
 10 files changed, 109 insertions(+), 12 deletions(-)
 rewrite command.o (67%)
 delete mode 100644 test-shell/out2
[master 67935bb] Commit
 4 files changed, 15 insertions(+), 11 deletions(-)
[master 631948e] Commit
 5 files changed, 14 insertions(+), 124 deletions(-)
 rewrite test-shell/shell-out (100%)
 rewrite y.tab.o (63%)
[master 15a8f3b] Commit
 2 files changed, 6 insertions(+), 2 deletions(-)
[master a8f83f0] Commit
 5 files changed, 5 insertions(+), 3 deletions(-)
[master 0b8320a] Commit
 7 files changed, 7 insertions(+), 4 deletions(-)
[master 43258b9] Commit
 6 files changed, 5 insertions(+), 2 deletions(-)
[master d23fd90] Commit
 5 files changed, 75 insertions(+), 71 deletions(-)
[master 31d0fe2] Commit
 5 files changed, 31 insertions(+), 28 deletions(-)
[master c00b4bb] Commit
 5 files changed, 79 insertions(+), 71 deletions(-)
 rewrite y.tab.o (61%)
[master fd9bd03] Commit
 5 files changed, 7 insertions(+), 2 deletions(-)
[master 9c03f1c] Commit
 3 files changed, 2 insertions(+)
[master 1cb01f5] Commit
 1 file changed, 2 insertions(+)
[master 0bba85d] Commit
 1 file changed, 2 insertions(+)
[master 9bd1eca] Commit
 2 files changed, 4 insertions(+), 2 deletions(-)
[master eb6910f] Commit
 4 files changed, 3 insertions(+), 1 deletion(-)
[master cc3670d] Commit
 4 files changed, 3 insertions(+), 1 deletion(-)
 rewrite shell (64%)
[master aa73ba9] Commit
 4 files changed, 5 insertions(+)
 rewrite shell (64%)
[master 39cef42] Commit
 4 files changed, 4 insertions(+), 1 deletion(-)
[master 931dfe1] Commit
 6 files changed, 8 insertions(+), 6 deletions(-)
[master d2c4741] Commit
 6 files changed, 5 insertions(+), 3 deletions(-)
 rewrite command.o (64%)
 rewrite shell (75%)
[master 69ccafe] Commit
 2 files changed, 5 insertions(+), 1 deletion(-)
[master 637928b] Commit
 4 files changed, 7 insertions(+), 13 deletions(-)
[master d99572d] Commit
 4 files changed, 11 insertions(+), 3 deletions(-)
 rewrite command.o (63%)
 rewrite shell (72%)
[master c6fc6ae] Commit
 2 files changed, 5 insertions(+), 1 deletion(-)
[master 8e16b63] Commit
 4 files changed, 23 insertions(+)
[master e76f780] Commit
 3 files changed, 43 insertions(+), 19 deletions(-)
[master bbfb535] Commit
 7 files changed, 32 insertions(+), 22 deletions(-)
 rewrite lex.yy.o (68%)
 delete mode 100755 shell
[master acce4ce] Commit
 2 files changed, 6 insertions(+)
[master fcee11b] Commit
 2 files changed, 3 insertions(+), 1 deletion(-)
[master b632dda] Commit
 2 files changed, 2 insertions(+)
 rewrite command.o (82%)
[master e1c2f40] Commit
 2 files changed, 4 insertions(+)
[master 91d58f7] Commit
 3 files changed, 7 insertions(+)
[master 6fe674c] Commit
 4 files changed, 26 insertions(+), 22 deletions(-)
[master 1ccba45] Commit
 3 files changed, 16 insertions(+), 21 deletions(-)
[master 3146bc5] Commit
 1 file changed, 2 insertions(+)
[master a517d97] Commit
 2 files changed, 5 insertions(+), 3 deletions(-)
[master 2f2b66c] Commit
 4 files changed, 7 insertions(+), 3 deletions(-)
[master b74eae0] Commit
 4 files changed, 23 insertions(+), 19 deletions(-)
[master 196cc22] Commit
 3 files changed, 6 insertions(+), 1 deletion(-)
[master 9c40fd7] Commit
 4 files changed, 24 insertions(+), 23 deletions(-)
[master 8961c54] Commit
 6 files changed, 258 insertions(+), 2 deletions(-)
 create mode 100644 Makefile.kbd
 create mode 100644 keyboard-example.c
 create mode 100644 read-line-example.c
 create mode 100644 read-line.c
 create mode 100644 tty-raw-mode.c
[master b94d221] Commit
 1 file changed, 7 insertions(+)
On branch master
Your branch is ahead of 'origin/master' by 2 commits.
  (use "git push" to publish your local commits)
nothing to commit, working directory clean
[master 56685c5] Commit
 2 files changed, 6 insertions(+), 2 deletions(-)
[master f250eb0] Commit
 14 files changed, 2 insertions(+), 3583 deletions(-)
 delete mode 100755 cat_grep
 delete mode 100644 command.o
 delete mode 100755 ctrl-c
 delete mode 100755 keyboard-example
 delete mode 100644 lex.yy.c
 delete mode 100644 lex.yy.o
 delete mode 100755 read-line-example
 delete mode 100644 read-line.o
 delete mode 100755 regular
 delete mode 100644 tty-raw-mode.o
 delete mode 100644 y.tab.c
 delete mode 100644 y.tab.h
 delete mode 100644 y.tab.o
[master bf7cb17] Commit
 2 files changed, 114 insertions(+)
 create mode 100644 y.tab.h
[master c23b5b1] Commit
 3 files changed, 45 insertions(+), 2 deletions(-)
[master 1ea1e98] Commit
 2 files changed, 41 insertions(+), 24 deletions(-)
[master df64a60] Commit
 2 files changed, 3 insertions(+)
[master c067ca4] Commit
 2 files changed, 3 insertions(+), 1 deletion(-)
[master 9f89590] Commit
 2 files changed, 3 insertions(+), 1 deletion(-)
[master e51e06c] Commit
 16 files changed, 3486 insertions(+)
 create mode 100755 cat_grep
 create mode 100644 command.o
 create mode 100755 ctrl-c
 create mode 100755 keyboard-example
 create mode 100644 lex.yy.c
 create mode 100644 lex.yy.o
 create mode 100755 read-line-example
 create mode 100644 read-line.o
 create mode 100755 regular
 create mode 100755 shell
 create mode 100644 "test-shell/\"hello"
 create mode 100644 "test-shell/world\""
 create mode 100644 tty-raw-mode.o
 create mode 100644 y.tab.c
 create mode 100644 y.tab.o
[master b440f3d] Commit
 2 files changed, 18 insertions(+), 1 deletion(-)
[master e3c1854] Commit
 1 file changed, 2 insertions(+)
[master 6bd17d6] Commit
 3 files changed, 97 insertions(+), 11 deletions(-)
 create mode 100644 out
[master 76a7416] Commit
 2 files changed, 130 insertions(+), 57 deletions(-)
[master 9701fdd] Commit
 2 files changed, 3 insertions(+), 1 deletion(-)
[master f05a475] Commit
 2 files changed, 3 insertions(+), 1 deletion(-)
[master 8ed6c3f] Commit
 2 files changed, 3 insertions(+), 1 deletion(-)
[master 2cf1d91] Commit
 2 files changed, 3 insertions(+), 1 deletion(-)
[master 7a47c57] Commit
 2 files changed, 3 insertions(+)
[master 2693fbe] Commit
 2 files changed, 3 insertions(+), 1 deletion(-)
[master 1e59034] Commit
 2 files changed, 3 insertions(+), 1 deletion(-)
[master 7f2ce72] Commit
 2 files changed, 3 insertions(+), 1 deletion(-)
[master 41f8f76] Commit
 2 files changed, 5 insertions(+), 3 deletions(-)
[master f16b8bb] Commit
 2 files changed, 4 insertions(+), 1 deletion(-)
[master 278c670] Commit
 5 files changed, 3 insertions(+), 1 deletion(-)
 rewrite read-line-example (73%)
 rewrite read-line.o (92%)
[master d7c75fc] Commit
 4 files changed, 4 insertions(+)
[master 5ca8e9f] Commit
 2 files changed, 4 insertions(+), 1 deletion(-)
[master 54f75cf] Commit
 5 files changed, 6 insertions(+), 4 deletions(-)
[master 188fc97] Commit
 5 files changed, 20 insertions(+), 4 deletions(-)
[master 5391047] Commit
 19 files changed, 86 insertions(+), 3593 deletions(-)
 delete mode 100755 cat_grep
 delete mode 100644 command.o
 delete mode 100755 ctrl-c
 create mode 100644 err
 delete mode 100755 keyboard-example
 delete mode 100644 lex.yy.c
 delete mode 100644 lex.yy.o
 create mode 100644 out2
 create mode 100644 out2ls
 delete mode 100755 read-line-example
 delete mode 100644 read-line.o
 delete mode 100755 regular
 delete mode 100755 shell
 delete mode 100644 tty-raw-mode.o
 delete mode 100644 y.tab.c
 delete mode 100644 y.tab.h
 delete mode 100644 y.tab.o
[master 242b5ca] Commit
 1 file changed, 19 insertions(+)
[master 23a8091] Commit
 25 files changed, 3651 insertions(+), 11 deletions(-)
 create mode 100755 cat_grep
 create mode 100644 command.o
 create mode 100755 ctrl-c
 create mode 100755 keyboard-example
 create mode 100644 lex.yy.c
 create mode 100644 lex.yy.o
 create mode 100755 read-line-example
 create mode 100644 read-line.o
 create mode 100755 regular
 create mode 100755 shell
 create mode 100644 test-shell/err1
 create mode 100644 test-shell/out1
 create mode 100644 test-shell/out2
 create mode 100644 tty-raw-mode.o
 create mode 100644 y.tab.c
 create mode 100644 y.tab.h
 create mode 100644 y.tab.o
[master 776fcf8] Commit
 2 files changed, 22 insertions(+)
[master cb898fc] Commit
 2 files changed, 5 insertions(+)
[master 12f1a8d] Commit
 2 files changed, 3 insertions(+), 1 deletion(-)
[master 8a60421] Commit
 2 files changed, 3 insertions(+), 1 deletion(-)
[master 5e5c0b5] Commit
 2 files changed, 4 insertions(+), 1 deletion(-)
[master c491115] Commit
 2 files changed, 3 insertions(+), 1 deletion(-)
[master b8c80ef] Commit
 11 files changed, 87 insertions(+), 18 deletions(-)
 rewrite command.o (78%)
 rewrite shell (81%)
 delete mode 100644 test-shell/out1
[master a882f77] Commit
 2 files changed, 21 insertions(+), 16 deletions(-)
[master 849979e] Commit
 2 files changed, 3 insertions(+), 1 deletion(-)
[master 3dd8c41] Commit
 2 files changed, 3 insertions(+), 1 deletion(-)
[master 6b3b3bc] Commit
 2 files changed, 3 insertions(+), 1 deletion(-)
[master 178621c] Commit
 2 files changed, 3 insertions(+), 1 deletion(-)
[master 421d288] Commit
 2 files changed, 3 insertions(+), 1 deletion(-)
[master 1f2516a] Commit
 2 files changed, 3 insertions(+), 1 deletion(-)
[master 349ca0c] Commit
 5 files changed, 21 insertions(+), 5 deletions(-)
 rewrite command.o (90%)
 rewrite shell (76%)
[master 2969d18] Commit
 2 files changed, 8 insertions(+), 4 deletions(-)
[master 683e5b6] Commit
 2 files changed, 3 insertions(+), 1 deletion(-)
[master e3d8b0e] Commit
 2 files changed, 3 insertions(+), 1 deletion(-)
[master 17e5633] Commit
 6 files changed, 35 insertions(+), 4 deletions(-)
 rewrite shell (70%)
[master 4476a8a] Commit
 3 files changed, 117 insertions(+), 46 deletions(-)
[master 01f993a] Commit
 4 files changed, 4 insertions(+), 2 deletions(-)
 rewrite lex.yy.o (77%)
 rewrite shell (66%)
[master 72f1635] Commit
 5 files changed, 122 insertions(+), 1 deletion(-)
 delete mode 100644 "test-shell/\"hello"
 rename "test-shell/world\"" => test-shell/hello world (100%)
[master 12c689f] Commit
 2 files changed, 208 insertions(+), 67 deletions(-)
[master 879bf5f] Commit
 3 files changed, 245 insertions(+), 1 deletion(-)
 create mode 100644 2q
[master e2daaed] Commit
 3 files changed, 5 insertions(+), 2 deletions(-)
[master ed7f7d8] Commit
 3 files changed, 8 insertions(+), 6 deletions(-)
[master 0591de5] Commit
 4 files changed, 7 insertions(+), 5 deletions(-)
 rewrite lex.yy.o (80%)
 rewrite shell (74%)
[master 68db2a5] Commit
 4 files changed, 19 insertions(+), 5 deletions(-)
[master 0e2df21] Commit
 4 files changed, 2 insertions(+)
[master fe91f33] Commit
 2 files changed, 7 insertions(+), 2 deletions(-)
[master 03eea71] Commit
 4 files changed, 2 insertions(+)
[master 2ff2581] Commit
 2 files changed, 18 insertions(+), 15 deletions(-)
[master 9705386] Commit
 5 files changed, 3 insertions(+), 1 deletion(-)
[master a35f29c] Commit
 5 files changed, 3 insertions(+), 1 deletion(-)
[master cf831a2] Commit
 5 files changed, 3 insertions(+), 1 deletion(-)
[master b3eefc4] Commit
 5 files changed, 3 insertions(+), 1 deletion(-)
[master 3ddf98b] Commit
 5 files changed, 4 insertions(+), 1 deletion(-)
[master 13b26b6] Commit
 5 files changed, 3 insertions(+), 1 deletion(-)
[master a0df40d] Commit
 5 files changed, 3 insertions(+), 1 deletion(-)
[master c337019] Commit
 7 files changed, 48 insertions(+), 1 deletion(-)
 rename test-shell/hello world => "test-shell/hello world\001" (100%)
[master 4a5cd41] Commit
 3 files changed, 81 insertions(+), 33 deletions(-)
[master 55dcb4e] Commit
 7 files changed, 104 insertions(+), 3 deletions(-)
 rewrite shell (80%)
 create mode 100644 test-shell/hello world
 rewrite y.tab.o (82%)
[master ebc4916] Commit
 3 files changed, 139 insertions(+), 35 deletions(-)
[master 3b9a6de] Commit
 3 files changed, 5 insertions(+), 3 deletions(-)
[master 8b5c184] Commit
 7 files changed, 5 insertions(+), 134 deletions(-)
 rewrite shell (78%)
 delete mode 100644 test-shell/hello world
 rewrite y.tab.o (79%)
